<?xml version="1.0" encoding="UTF-8"?>
<testsuite name="Test" tests="1" skipped="0" failures="0" errors="0" timestamp="2020-03-31T10:15:21" hostname="LAPTOP-9IKL25QU" time="0.005">
  <properties/>
  <testcase name="test" classname="Test" time="0.005"/>
  <system-out><![CDATA[22323
]]></system-out>
  <system-err><![CDATA[]]></system-err>
</testsuite>
